2024-08-25T15:02:55.270+05:30  INFO 12644 --- [Employee] [restartedMain] c.example.Employee.EmployeeApplication   : Starting EmployeeApplication using Java 22.0.1 with PID 12644 (C:\Users\Shristi.Saha\workspace\Employee\target\classes started by Shristi.Saha in C:\Users\Shristi.Saha\workspace\Employee)
2024-08-25T15:02:55.319+05:30 DEBUG 12644 --- [Employee] [restartedMain] c.example.Employee.EmployeeApplication   : Running with Spring Boot v3.3.2, Spring v6.1.11
2024-08-25T15:02:55.322+05:30  INFO 12644 --- [Employee] [restartedMain] c.example.Employee.EmployeeApplication   : The following 2 profiles are active: "test", "log"
2024-08-25T15:02:55.451+05:30  INFO 12644 --- [Employee] [restartedMain] .e.DevToolsPropertyDefaultsPostProcessor : Devtools property defaults active! Set 'spring.devtools.add-properties' to 'false' to disable
2024-08-25T15:02:55.452+05:30  INFO 12644 --- [Employee] [restartedMain] .e.DevToolsPropertyDefaultsPostProcessor : For additional web related logging consider setting the 'logging.level.web' property to 'DEBUG'
2024-08-25T15:02:56.760+05:30  INFO 12644 --- [Employee] [restartedMain] .s.d.r.c.RepositoryConfigurationDelegate : Bootstrapping Spring Data JPA repositories in DEFAULT mode.
2024-08-25T15:02:56.840+05:30  INFO 12644 --- [Employee] [restartedMain] .s.d.r.c.RepositoryConfigurationDelegate : Finished Spring Data repository scanning in 69 ms. Found 1 JPA repository interface.
2024-08-25T15:02:57.673+05:30  INFO 12644 --- [Employee] [restartedMain] o.s.b.w.embedded.tomcat.TomcatWebServer  : Tomcat initialized with port 8080 (http)
2024-08-25T15:02:57.694+05:30  INFO 12644 --- [Employee] [restartedMain] o.apache.catalina.core.StandardService   : Starting service [Tomcat]
2024-08-25T15:02:57.695+05:30  INFO 12644 --- [Employee] [restartedMain] o.apache.catalina.core.StandardEngine    : Starting Servlet engine: [Apache Tomcat/10.1.26]
2024-08-25T15:02:57.788+05:30  INFO 12644 --- [Employee] [restartedMain] o.a.c.c.C.[Tomcat].[localhost].[/]       : Initializing Spring embedded WebApplicationContext
2024-08-25T15:02:57.788+05:30  INFO 12644 --- [Employee] [restartedMain] w.s.c.ServletWebServerApplicationContext : Root WebApplicationContext: initialization completed in 2335 ms
2024-08-25T15:02:58.160+05:30  INFO 12644 --- [Employee] [restartedMain] o.hibernate.jpa.internal.util.LogHelper  : HHH000204: Processing PersistenceUnitInfo [name: default]
2024-08-25T15:02:58.335+05:30  INFO 12644 --- [Employee] [restartedMain] org.hibernate.Version                    : HHH000412: Hibernate ORM core version 6.5.2.Final
2024-08-25T15:02:58.400+05:30  INFO 12644 --- [Employee] [restartedMain] o.h.c.internal.RegionFactoryInitiator    : HHH000026: Second-level cache disabled
2024-08-25T15:02:58.738+05:30  INFO 12644 --- [Employee] [restartedMain] o.s.o.j.p.SpringPersistenceUnitInfo      : No LoadTimeWeaver setup: ignoring JPA class transformer
2024-08-25T15:02:58.761+05:30  INFO 12644 --- [Employee] [restartedMain] com.zaxxer.hikari.HikariDataSource       : HikariPool-1 - Starting...
2024-08-25T15:02:58.974+05:30  INFO 12644 --- [Employee] [restartedMain] com.zaxxer.hikari.pool.HikariPool        : HikariPool-1 - Added connection org.postgresql.jdbc.PgConnection@58f10aea
2024-08-25T15:02:58.977+05:30  INFO 12644 --- [Employee] [restartedMain] com.zaxxer.hikari.HikariDataSource       : HikariPool-1 - Start completed.
2024-08-25T15:02:59.055+05:30  WARN 12644 --- [Employee] [restartedMain] org.hibernate.orm.deprecation            : HHH90000025: PostgreSQLDialect does not need to be specified explicitly using 'hibernate.dialect' (remove the property setting and it will be selected by default)
2024-08-25T15:03:00.257+05:30  INFO 12644 --- [Employee] [restartedMain] o.h.e.t.j.p.i.JtaPlatformInitiator       : HHH000489: No JTA platform available (set 'hibernate.transaction.jta.platform' to enable JTA platform integration)
2024-08-25T15:03:00.368+05:30  INFO 12644 --- [Employee] [restartedMain] j.LocalContainerEntityManagerFactoryBean : Initialized JPA EntityManagerFactory for persistence unit 'default'
2024-08-25T15:03:00.999+05:30  WARN 12644 --- [Employee] [restartedMain] JpaBaseConfiguration$JpaWebConfiguration : spring.jpa.open-in-view is enabled by default. Therefore, database queries may be performed during view rendering. Explicitly configure spring.jpa.open-in-view to disable this warning
2024-08-25T15:03:01.587+05:30  INFO 12644 --- [Employee] [restartedMain] o.s.b.d.a.OptionalLiveReloadServer       : LiveReload server is running on port 35729
2024-08-25T15:03:01.631+05:30  INFO 12644 --- [Employee] [restartedMain] o.s.b.w.embedded.tomcat.TomcatWebServer  : Tomcat started on port 8080 (http) with context path '/'
2024-08-25T15:03:01.644+05:30  INFO 12644 --- [Employee] [restartedMain] c.example.Employee.EmployeeApplication   : Started EmployeeApplication in 7.15 seconds (process running for 7.894)
2024-08-25T15:03:38.535+05:30  INFO 12644 --- [Employee] [http-nio-8080-exec-1] o.a.c.c.C.[Tomcat].[localhost].[/]       : Initializing Spring DispatcherServlet 'dispatcherServlet'
2024-08-25T15:03:38.536+05:30  INFO 12644 --- [Employee] [http-nio-8080-exec-1] o.s.web.servlet.DispatcherServlet        : Initializing Servlet 'dispatcherServlet'
2024-08-25T15:03:38.537+05:30  INFO 12644 --- [Employee] [http-nio-8080-exec-1] o.s.web.servlet.DispatcherServlet        : Completed initialization in 1 ms
2024-08-25T15:03:38.592+05:30  WARN 12644 --- [Employee] [http-nio-8080-exec-1] .w.s.m.s.DefaultHandlerExceptionResolver : Resolved [org.springframework.web.method.annotation.MethodArgumentTypeMismatchException: Failed to convert value of type 'java.lang.String' to required type 'java.lang.Long'; For input string: "login"]
2024-08-25T15:03:42.191+05:30  INFO 12644 --- [Employee] [http-nio-8080-exec-5] o.springdoc.api.AbstractOpenApiResource  : Init duration for springdoc-openapi is: 1504 ms
2024-08-25T15:03:52.614+05:30  INFO 12644 --- [Employee] [http-nio-8080-exec-6] c.e.E.controller.EmployeeController      : Received request to fetch all employees
2024-08-25T15:03:52.630+05:30  INFO 12644 --- [Employee] [http-nio-8080-exec-6] c.e.E.service.EmployeeServiceImpl        : Fetching all employees
2024-08-25T15:04:22.179+05:30  INFO 12644 --- [Employee] [SpringApplicationShutdownHook] j.LocalContainerEntityManagerFactoryBean : Closing JPA EntityManagerFactory for persistence unit 'default'
2024-08-25T15:04:22.183+05:30  INFO 12644 --- [Employee] [SpringApplicationShutdownHook] com.zaxxer.hikari.HikariDataSource       : HikariPool-1 - Shutdown initiated...
2024-08-25T15:04:22.201+05:30  INFO 12644 --- [Employee] [SpringApplicationShutdownHook] com.zaxxer.hikari.HikariDataSource       : HikariPool-1 - Shutdown completed.
